
=======================================================
Branch: All Branches
Loading top papers from Google Sheet...
  Sheet response: 200, 606305 bytes
  Cutoff date: 2026-06-15  (DIGEST_WINDOW=7 days)
  Rows: 201 total, 201 excluded, 0 kept.
  0 candidates (top 20 by score).
  No papers found for All Branches — skipping.

=======================================================
Branch: Healthcare
Loading top papers from Google Sheet...
  Sheet response: 200, 606305 bytes
  Cutoff date: 2026-06-15  (DIGEST_WINDOW=7 days)
  Rows: 201 total, 201 excluded, 0 kept.
  0 candidates (top 20 by score).
  No papers found for Healthcare — skipping.

=======================================================
Branch: Agriculture & Food
Loading top papers from Google Sheet...
  Sheet response: 200, 606305 bytes
  Cutoff date: 2026-06-15  (DIGEST_WINDOW=7 days)
  Rows: 201 total, 201 excluded, 0 kept.
  0 candidates (top 20 by score).
  No papers found for Agriculture & Food — skipping.

=======================================================
Branch: Exact & Social Sciences
Loading top papers from Google Sheet...
  Sheet response: 200, 606305 bytes
  Cutoff date: 2026-06-15  (DIGEST_WINDOW=7 days)
  Rows: 201 total, 201 excluded, 0 kept.
  0 candidates (top 20 by score).
  No papers found for Exact & Social Sciences — skipping.

All digests done.
