Loading existing papers from Google Sheet...
  357 existing papers loaded.
  Verifying HUJI affiliation for 351 papers via PubMed efetch...
fetch_pubmed: 14 fetched, 9 new
fetch_europepmc: 8 fetched, 0 new
fetch_semantic_scholar error: 429 Client Error:  for url: https://api.semanticscholar.org/graph/v1/paper/search?query=Hebrew+University+of+Jerusalem&fields=title%2Cabstract%2Cauthors%2Cyear%2Cvenue%2CexternalIds%2CpublicationDate%2Cauthors.affiliations&limit=50

9 unique new papers to evaluate.
Enriching PI contact info for 9 new papers...
Enriching PI contact for 25 existing papers (backfill)...
  [1/9] CCR1 signaling as a common injury pathway in retinal degeneration.
    score=23 fields=['Drug Discovery', 'Immunology', 'Clinical']
    hts_score=4
  [2/9] Single-cell transcriptome profiles of Foxl1-lineage cells along the in
    score=14 fields=['Drug Discovery', 'Genomics', 'Synthetic Biology']
    hts_score=2
  [3/9] Wild canids as reservoirs of zoonotic Bartonella species in Israel.
    score=10 fields=['Diagnostics', 'Clinical', 'Immunology']
    hts_score=1
  [4/9] Model-Based Attribution of Biologic Effectiveness in Psoriasis: Drug v
    score=26 fields=['Software/AI', 'Immunology', 'Clinical', 'Drug Discovery']
    hts_score=2
  [5/9] Full Quantum and Mixed Quantum-Classical Dynamics of Hot Exciton Cooli
    score=21 fields=['Materials', 'Clean Energy', 'Quantum']
    hts_score=1
  [6/9] Sustained Mayer-Like Very-Low-Frequency Blood Pressure Oscillations in
    gemma-4-31b-it failed (error): 503 UNAVAILABLE. {'error': {'code': 503, 'message': 'This model is currently experiencing high demand. Spikes in demand are usually temporary. Please try again later.', 'status': 'UNAVAILABLE'}}
    gemma-4-26b-a4b-it failed (error): 504 DEADLINE_EXCEEDED. {'error': {'code': 504, 'message': 'Deadline expired before operation could complete.', 'status': 'DEADLINE_EXCEEDED'}}
    score=7 fields=['Medical Device', 'Diagnostics', 'Clinical']
    hts_score=1
  [7/9] Metal ions affect abiotic sugar oligomerization reactions.
    score=9 fields=['Materials', 'Synthetic Biology', 'FoodTech']
    hts_score=1
  [8/9] Blastomere/trophectoderm biopsy for preimplantation genetic testing do
    score=21 fields=['Diagnostics', 'Genomics', 'Clinical']
    hts_score=1
  [9/9] Erk inhibitors intercept Erk-mediated negative feedback while imposing
    score=25 fields=['Drug Discovery', 'Clinical', 'Immunology']
    hts_score=4

Kept all 357 existing papers, added 9 new.
  [checkpoint: final] writing 366 papers (357 retained + 9 new)...
Sheet updated: {"status":"ok","rows":367}
Generated papers_reader.html and papers_data.json with 366 papers and 46 researcher profiles.
Done.
