Loading existing papers from Google Sheet...
  279 papers loaded.

Selected 3 researchers to profile.

[1/3] Tamar Harel
Fetching last 3 years of publications for Tamar Harel...
  No gradable papers found for Tamar Harel in the last 3 years.
  [checkpoint: 1/3] writing 0 researcher profile(s)...
Researchers sheet updated: {"status":"ok","rows":1}
Generated papers_reader.html and papers_data.json with 279 papers and 0 researcher profiles.

[2/3] Zohar Kerem
Fetching last 3 years of publications for Zohar Kerem...
  No gradable papers found for Zohar Kerem in the last 3 years.
  [checkpoint: 2/3] writing 0 researcher profile(s)...
Researchers sheet updated: {"status":"ok","rows":1}
Generated papers_reader.html and papers_data.json with 279 papers and 0 researcher profiles.

[3/3] Avi Priel
Fetching last 3 years of publications for Avi Priel...
  No gradable papers found for Avi Priel in the last 3 years.
  [checkpoint: 3/3] writing 0 researcher profile(s)...
Researchers sheet updated: {"status":"ok","rows":1}
Generated papers_reader.html and papers_data.json with 279 papers and 0 researcher profiles.

Done. 0 researcher profiles written.
